
> gymmer@0.1.0 prestart
> npm run getversion .


> gymmer@0.1.0 getversion
> node ./git-version.mjs .

version: '0.1.0', revision: 'f0a925a', branch: 'jules-8490984523419152627-811d9d8c'

> gymmer@0.1.0 start
> ng serve --host 0.0.0.0 --port 4300


Warning: This is a simple server for use in testing or debugging Angular applications
locally. It hasn't been reviewed for security issues.

Binding this server to an open connection can result in compromising your application or
computer. Using a different host than the one passed to the "--host" flag might result in
websocket connection issues.

❯ Building...
✔ Building...
Initial chunk files | Names         |  Raw size
main.js             | main          | 254.53 kB |
styles.css          | styles        | 117.14 kB |
polyfills.js        | polyfills     | 128 bytes |

                    | Initial total | 371.80 kB

Application bundle generation complete. [10.918 seconds] - 2026-01-21T11:42:38.328Z

[33m▲ [43;33m[[43;30mWARNING[43;33m][0m [1mNG8107: The left side of this optional chain operation does not include 'null' or 'undefined' in its type, therefore the '?.' operator can be replaced with the '.' operator.[0m [1m[35m[plugin angular-compiler][0m

    src/app/exercise-detail/exercise-detail.component.html:42:58:
[37m      42 │ ...alue.weight = (currentValue?.[32mweight[37m ?? 0) + 1" color="primary" ...
         ╵                                 [32m~~~~~~[0m

  Warning occurs in the template of component ExerciseDetailComponent.

    src/app/exercise-detail/exercise-detail.component.ts:24:17:
[37m      24 │     templateUrl: [32m'./exercise-detail.component.html'[37m,
         ╵                  [32m~~~~~~~~~~~~~~~~~~~~~~~~~~~~~~~~~~[0m


[33m▲ [43;33m[[43;30mWARNING[43;33m][0m [1mNG8107: The left side of this optional chain operation does not include 'null' or 'undefined' in its type, therefore the '?.' operator can be replaced with the '.' operator.[0m [1m[35m[plugin angular-compiler][0m

    src/app/exercise-detail/exercise-detail.component.html:45:58:
[37m      45 │ ...alue.weight = (currentValue?.[32mweight[37m ?? 0) - 1" color="primary" ...
         ╵                                 [32m~~~~~~[0m

  Warning occurs in the template of component ExerciseDetailComponent.

    src/app/exercise-detail/exercise-detail.component.ts:24:17:
[37m      24 │     templateUrl: [32m'./exercise-detail.component.html'[37m,
         ╵                  [32m~~~~~~~~~~~~~~~~~~~~~~~~~~~~~~~~~~[0m


[33m▲ [43;33m[[43;30mWARNING[43;33m][0m [1mNG8107: The left side of this optional chain operation does not include 'null' or 'undefined' in its type, therefore the '?.' operator can be replaced with the '.' operator.[0m [1m[35m[plugin angular-compiler][0m

    src/app/exercise-detail/exercise-detail.component.html:54:63:
[37m      54 │ ...etitions = (currentValue?.[32mrepetitions[37m ?? 0) + 1" color="primary...
         ╵                              [32m~~~~~~~~~~~[0m

  Warning occurs in the template of component ExerciseDetailComponent.

    src/app/exercise-detail/exercise-detail.component.ts:24:17:
[37m      24 │     templateUrl: [32m'./exercise-detail.component.html'[37m,
         ╵                  [32m~~~~~~~~~~~~~~~~~~~~~~~~~~~~~~~~~~[0m


[33m▲ [43;33m[[43;30mWARNING[43;33m][0m [1mNG8107: The left side of this optional chain operation does not include 'null' or 'undefined' in its type, therefore the '?.' operator can be replaced with the '.' operator.[0m [1m[35m[plugin angular-compiler][0m

    src/app/exercise-detail/exercise-detail.component.html:57:63:
[37m      57 │ ...etitions = (currentValue?.[32mrepetitions[37m ?? 0) - 1" color="primary...
         ╵                              [32m~~~~~~~~~~~[0m

  Warning occurs in the template of component ExerciseDetailComponent.

    src/app/exercise-detail/exercise-detail.component.ts:24:17:
[37m      24 │     templateUrl: [32m'./exercise-detail.component.html'[37m,
         ╵                  [32m~~~~~~~~~~~~~~~~~~~~~~~~~~~~~~~~~~[0m


[33m▲ [43;33m[[43;30mWARNING[43;33m][0m [1mNG8107: The left side of this optional chain operation does not include 'null' or 'undefined' in its type, therefore the '?.' operator can be replaced with the '.' operator.[0m [1m[35m[plugin angular-compiler][0m

    src/app/exercise-execution-detail/exercise-execution-detail.component.html:4:45:
[37m      4 │ ...able [dataSource]="exercise?.[32mseries[37m ?? []" class="mat-elevation-...
        ╵                                 [32m~~~~~~[0m

  Warning occurs in the template of component ExerciseExecutionDetailComponent.

    src/app/exercise-execution-detail/exercise-execution-detail.component.ts:54:17:
[37m      54 │     templateUrl: [32m'./exercise-execution-detail.component.html'[37m,
         ╵                  [32m~~~~~~~~~~~~~~~~~~~~~~~~~~~~~~~~~~~~~~~~~~~~[0m


[33m▲ [43;33m[[43;30mWARNING[43;33m][0m [1mNG8116: A structural directive `matHeaderCellDef` was used in the template without a corresponding import in the component. Make sure that the directive is included in the `@Component.imports` array of this component.[0m [1m[35m[plugin angular-compiler][0m

    src/app/exercise-execution-detail/exercise-execution-detail.component.html:7:29:
[37m      7 │         <th mat-header-cell *[32mmatHeaderCellDef[37m> Série </th>
        ╵                              [32m~~~~~~~~~~~~~~~~[0m

  Warning occurs in the template of component ExerciseExecutionDetailComponent.

    src/app/exercise-execution-detail/exercise-execution-detail.component.ts:54:17:
[37m      54 │     templateUrl: [32m'./exercise-execution-detail.component.html'[37m,
         ╵                  [32m~~~~~~~~~~~~~~~~~~~~~~~~~~~~~~~~~~~~~~~~~~~~[0m


[33m▲ [43;33m[[43;30mWARNING[43;33m][0m [1mNG8116: A structural directive `matHeaderCellDef` was used in the template without a corresponding import in the component. Make sure that the directive is included in the `@Component.imports` array of this component.[0m [1m[35m[plugin angular-compiler][0m

    src/app/exercise-execution-detail/exercise-execution-detail.component.html:12:29:
[37m      12 │         <th mat-header-cell *[32mmatHeaderCellDef[37m> Váha </th>
         ╵                              [32m~~~~~~~~~~~~~~~~[0m

  Warning occurs in the template of component ExerciseExecutionDetailComponent.

    src/app/exercise-execution-detail/exercise-execution-detail.component.ts:54:17:
[37m      54 │     templateUrl: [32m'./exercise-execution-detail.component.html'[37m,
         ╵                  [32m~~~~~~~~~~~~~~~~~~~~~~~~~~~~~~~~~~~~~~~~~~~~[0m


[33m▲ [43;33m[[43;30mWARNING[43;33m][0m [1mNG8116: A structural directive `matHeaderCellDef` was used in the template without a corresponding import in the component. Make sure that the directive is included in the `@Component.imports` array of this component.[0m [1m[35m[plugin angular-compiler][0m

    src/app/exercise-execution-detail/exercise-execution-detail.component.html:17:29:
[37m      17 │         <th mat-header-cell *[32mmatHeaderCellDef[37m> Opakování </th>
         ╵                              [32m~~~~~~~~~~~~~~~~[0m

  Warning occurs in the template of component ExerciseExecutionDetailComponent.

    src/app/exercise-execution-detail/exercise-execution-detail.component.ts:54:17:
[37m      54 │     templateUrl: [32m'./exercise-execution-detail.component.html'[37m,
         ╵                  [32m~~~~~~~~~~~~~~~~~~~~~~~~~~~~~~~~~~~~~~~~~~~~[0m


[33m▲ [43;33m[[43;30mWARNING[43;33m][0m [1mNG8116: A structural directive `matHeaderCellDef` was used in the template without a corresponding import in the component. Make sure that the directive is included in the `@Component.imports` array of this component.[0m [1m[35m[plugin angular-compiler][0m

    src/app/exercise-execution-detail/exercise-execution-detail.component.html:22:29:
[37m      22 │         <th mat-header-cell *[32mmatHeaderCellDef[37m></th>
         ╵                              [32m~~~~~~~~~~~~~~~~[0m

  Warning occurs in the template of component ExerciseExecutionDetailComponent.

    src/app/exercise-execution-detail/exercise-execution-detail.component.ts:54:17:
[37m      54 │     templateUrl: [32m'./exercise-execution-detail.component.html'[37m,
         ╵                  [32m~~~~~~~~~~~~~~~~~~~~~~~~~~~~~~~~~~~~~~~~~~~~[0m


[33m▲ [43;33m[[43;30mWARNING[43;33m][0m [1mNG8107: The left side of this optional chain operation does not include 'null' or 'undefined' in its type, therefore the '?.' operator can be replaced with the '.' operator.[0m [1m[35m[plugin angular-compiler][0m

    src/app/exercise-execution-detail/exercise-execution-detail.component.html:41:58:
[37m      41 │ ...alue.weight = (currentValue?.[32mweight[37m ?? 0) + 1" color="primary" ...
         ╵                                 [32m~~~~~~[0m

  Warning occurs in the template of component ExerciseExecutionDetailComponent.

    src/app/exercise-execution-detail/exercise-execution-detail.component.ts:54:17:
[37m      54 │     templateUrl: [32m'./exercise-execution-detail.component.html'[37m,
         ╵                  [32m~~~~~~~~~~~~~~~~~~~~~~~~~~~~~~~~~~~~~~~~~~~~[0m


[33m▲ [43;33m[[43;30mWARNING[43;33m][0m [1mNG8107: The left side of this optional chain operation does not include 'null' or 'undefined' in its type, therefore the '?.' operator can be replaced with the '.' operator.[0m [1m[35m[plugin angular-compiler][0m

    src/app/exercise-execution-detail/exercise-execution-detail.component.html:44:58:
[37m      44 │ ...alue.weight = (currentValue?.[32mweight[37m ?? 0) - 1" color="primary" ...
         ╵                                 [32m~~~~~~[0m

  Warning occurs in the template of component ExerciseExecutionDetailComponent.

    src/app/exercise-execution-detail/exercise-execution-detail.component.ts:54:17:
[37m      54 │     templateUrl: [32m'./exercise-execution-detail.component.html'[37m,
         ╵                  [32m~~~~~~~~~~~~~~~~~~~~~~~~~~~~~~~~~~~~~~~~~~~~[0m


[33m▲ [43;33m[[43;30mWARNING[43;33m][0m [1mNG8107: The left side of this optional chain operation does not include 'null' or 'undefined' in its type, therefore the '?.' operator can be replaced with the '.' operator.[0m [1m[35m[plugin angular-compiler][0m

    src/app/exercise-execution-detail/exercise-execution-detail.component.html:53:63:
[37m      53 │ ...etitions = (currentValue?.[32mrepetitions[37m ?? 0) + 1" color="primary...
         ╵                              [32m~~~~~~~~~~~[0m

  Warning occurs in the template of component ExerciseExecutionDetailComponent.

    src/app/exercise-execution-detail/exercise-execution-detail.component.ts:54:17:
[37m      54 │     templateUrl: [32m'./exercise-execution-detail.component.html'[37m,
         ╵                  [32m~~~~~~~~~~~~~~~~~~~~~~~~~~~~~~~~~~~~~~~~~~~~[0m


[33m▲ [43;33m[[43;30mWARNING[43;33m][0m [1mNG8107: The left side of this optional chain operation does not include 'null' or 'undefined' in its type, therefore the '?.' operator can be replaced with the '.' operator.[0m [1m[35m[plugin angular-compiler][0m

    src/app/exercise-execution-detail/exercise-execution-detail.component.html:56:63:
[37m      56 │ ...etitions = (currentValue?.[32mrepetitions[37m ?? 0) - 1" color="primary...
         ╵                              [32m~~~~~~~~~~~[0m

  Warning occurs in the template of component ExerciseExecutionDetailComponent.

    src/app/exercise-execution-detail/exercise-execution-detail.component.ts:54:17:
[37m      54 │     templateUrl: [32m'./exercise-execution-detail.component.html'[37m,
         ╵                  [32m~~~~~~~~~~~~~~~~~~~~~~~~~~~~~~~~~~~~~~~~~~~~[0m


[33m▲ [43;33m[[43;30mWARNING[43;33m][0m [1mNG8113: DatePipe is not used within the template of SettingsComponent[0m [1m[35m[plugin angular-compiler][0m

    src/app/settings/settings.component.ts:28:106:
[37m      28 │ ...tCardHeader, MatCardActions, MatButton, MatCardContent, [32mDatePipe[37m],
         ╵                                                            [32m~~~~~~~~[0m


[33m▲ [43;33m[[43;30mWARNING[43;33m][0m [1mNG8113: DatePipe is not used within the template of TrainingPlanEditComponent[0m [1m[35m[plugin angular-compiler][0m

    src/app/training-plan-edit/training-plan-edit.component.ts:40:4:
[37m      40 │     [32mDatePipe[37m,
         ╵     [32m~~~~~~~~[0m


[33m▲ [43;33m[[43;30mWARNING[43;33m][0m [1mNG8113: DurationPipe is not used within the template of TrainingPlanEditComponent[0m [1m[35m[plugin angular-compiler][0m

    src/app/training-plan-edit/training-plan-edit.component.ts:41:4:
[37m      41 │     [32mDurationPipe[37m,
         ╵     [32m~~~~~~~~~~~~[0m


[33m▲ [43;33m[[43;30mWARNING[43;33m][0m [1mNG8113: MatListItemLine is not used within the template of TrainingPlanEditComponent[0m [1m[35m[plugin angular-compiler][0m

    src/app/training-plan-edit/training-plan-edit.component.ts:47:4:
[37m      47 │     [32mMatListItemLine[37m,
         ╵     [32m~~~~~~~~~~~~~~~[0m


Watch mode enabled. Watching for file changes...
NOTE: Raw file sizes do not reflect development server per-request transformations.
  ➜  Local:   http://localhost:4300/
  ➜  Network: http://192.168.0.2:4300/
