
> gymmer@0.0.0 prestart
> npm run getversion .


> gymmer@0.0.0 getversion
> node ./git-version.mjs .

version: '0.0.0', revision: 'fe806b2', branch: 'jules-15610522765411318862-8c02ebe4'

> gymmer@0.0.0 start
> ng serve --host 0.0.0.0 --port 4300


Warning: This is a simple server for use in testing or debugging Angular applications
locally. It hasn't been reviewed for security issues.

Binding this server to an open connection can result in compromising your application or
computer. Using a different host than the one passed to the "--host" flag might result in
websocket connection issues. You might need to use "--disable-host-check" if that's the
case.

- Building...

Initial chunk files | Names         |  Raw size
main.js             | main          | 168.66 kB |
polyfills.js        | polyfills     |  93.00 kB |
styles.css          | styles        |  76.51 kB |

                    | Initial total | 338.17 kB

Application bundle generation complete. [7.757 seconds]

▲ [WARNING] NG8107: The left side of this optional chain operation does not include 'null' or 'undefined' in its type, therefore the '?.' operator can be replaced with the '.' operator. [plugin angular-compiler]

    src/app/exercise-detail/exercise-detail.component.html:44:58:
      44 │ ...alue.weight = (currentValue?.weight ?? 0) + 1" color="primary" ...
         ╵                                 ~~~~~~

  Error occurs in the template of component ExerciseDetailComponent.

    src/app/exercise-detail/exercise-detail.component.ts:24:15:
      24 │   templateUrl: './exercise-detail.component.html',
         ╵                ~~~~~~~~~~~~~~~~~~~~~~~~~~~~~~~~~~


▲ [WARNING] NG8107: The left side of this optional chain operation does not include 'null' or 'undefined' in its type, therefore the '?.' operator can be replaced with the '.' operator. [plugin angular-compiler]

    src/app/exercise-detail/exercise-detail.component.html:47:58:
      47 │ ...alue.weight = (currentValue?.weight ?? 0) - 1" color="primary" ...
         ╵                                 ~~~~~~

  Error occurs in the template of component ExerciseDetailComponent.

    src/app/exercise-detail/exercise-detail.component.ts:24:15:
      24 │   templateUrl: './exercise-detail.component.html',
         ╵                ~~~~~~~~~~~~~~~~~~~~~~~~~~~~~~~~~~


▲ [WARNING] NG8107: The left side of this optional chain operation does not include 'null' or 'undefined' in its type, therefore the '?.' operator can be replaced with the '.' operator. [plugin angular-compiler]

    src/app/exercise-detail/exercise-detail.component.html:56:63:
      56 │ ...etitions = (currentValue?.repetitions ?? 0) + 1" color="primary...
         ╵                              ~~~~~~~~~~~

  Error occurs in the template of component ExerciseDetailComponent.

    src/app/exercise-detail/exercise-detail.component.ts:24:15:
      24 │   templateUrl: './exercise-detail.component.html',
         ╵                ~~~~~~~~~~~~~~~~~~~~~~~~~~~~~~~~~~


▲ [WARNING] NG8107: The left side of this optional chain operation does not include 'null' or 'undefined' in its type, therefore the '?.' operator can be replaced with the '.' operator. [plugin angular-compiler]

    src/app/exercise-detail/exercise-detail.component.html:59:63:
      59 │ ...etitions = (currentValue?.repetitions ?? 0) - 1" color="primary...
         ╵                              ~~~~~~~~~~~

  Error occurs in the template of component ExerciseDetailComponent.

    src/app/exercise-detail/exercise-detail.component.ts:24:15:
      24 │   templateUrl: './exercise-detail.component.html',
         ╵                ~~~~~~~~~~~~~~~~~~~~~~~~~~~~~~~~~~


▲ [WARNING] NG8107: The left side of this optional chain operation does not include 'null' or 'undefined' in its type, therefore the '?.' operator can be replaced with the '.' operator. [plugin angular-compiler]

    src/app/exercise-execution-detail/exercise-execution-detail.component.html:3:41:
      3 │ ...able [dataSource]="exercise?.series ?? []" class="mat-elevation-...
        ╵                                 ~~~~~~

  Error occurs in the template of component ExerciseExecutionDetailComponent.

    src/app/exercise-execution-detail/exercise-execution-detail.component.ts:57:15:
      57 │   templateUrl: './exercise-execution-detail.component.html',
         ╵                ~~~~~~~~~~~~~~~~~~~~~~~~~~~~~~~~~~~~~~~~~~~~


▲ [WARNING] NG8107: The left side of this optional chain operation does not include 'null' or 'undefined' in its type, therefore the '?.' operator can be replaced with the '.' operator. [plugin angular-compiler]

    src/app/exercise-execution-detail/exercise-execution-detail.component.html:43:58:
      43 │ ...alue.weight = (currentValue?.weight ?? 0) + 1" color="primary" ...
         ╵                                 ~~~~~~

  Error occurs in the template of component ExerciseExecutionDetailComponent.

    src/app/exercise-execution-detail/exercise-execution-detail.component.ts:57:15:
      57 │   templateUrl: './exercise-execution-detail.component.html',
         ╵                ~~~~~~~~~~~~~~~~~~~~~~~~~~~~~~~~~~~~~~~~~~~~


▲ [WARNING] NG8107: The left side of this optional chain operation does not include 'null' or 'undefined' in its type, therefore the '?.' operator can be replaced with the '.' operator. [plugin angular-compiler]

    src/app/exercise-execution-detail/exercise-execution-detail.component.html:46:58:
      46 │ ...alue.weight = (currentValue?.weight ?? 0) - 1" color="primary" ...
         ╵                                 ~~~~~~

  Error occurs in the template of component ExerciseExecutionDetailComponent.

    src/app/exercise-execution-detail/exercise-execution-detail.component.ts:57:15:
      57 │   templateUrl: './exercise-execution-detail.component.html',
         ╵                ~~~~~~~~~~~~~~~~~~~~~~~~~~~~~~~~~~~~~~~~~~~~


▲ [WARNING] NG8107: The left side of this optional chain operation does not include 'null' or 'undefined' in its type, therefore the '?.' operator can be replaced with the '.' operator. [plugin angular-compiler]

    src/app/exercise-execution-detail/exercise-execution-detail.component.html:55:63:
      55 │ ...etitions = (currentValue?.repetitions ?? 0) + 1" color="primary...
         ╵                              ~~~~~~~~~~~

  Error occurs in the template of component ExerciseExecutionDetailComponent.

    src/app/exercise-execution-detail/exercise-execution-detail.component.ts:57:15:
      57 │   templateUrl: './exercise-execution-detail.component.html',
         ╵                ~~~~~~~~~~~~~~~~~~~~~~~~~~~~~~~~~~~~~~~~~~~~


▲ [WARNING] NG8107: The left side of this optional chain operation does not include 'null' or 'undefined' in its type, therefore the '?.' operator can be replaced with the '.' operator. [plugin angular-compiler]

    src/app/exercise-execution-detail/exercise-execution-detail.component.html:58:63:
      58 │ ...etitions = (currentValue?.repetitions ?? 0) - 1" color="primary...
         ╵                              ~~~~~~~~~~~

  Error occurs in the template of component ExerciseExecutionDetailComponent.

    src/app/exercise-execution-detail/exercise-execution-detail.component.ts:57:15:
      57 │   templateUrl: './exercise-execution-detail.component.html',
         ╵                ~~~~~~~~~~~~~~~~~~~~~~~~~~~~~~~~~~~~~~~~~~~~


Watch mode enabled. Watching for file changes...
NOTE: Raw file sizes do not reflect development server per-request transformations.
  ➜  Local:   http://localhost:4300/
  ➜  Network: http://192.168.0.2:4300/
- Changes detected. Rebuilding...

Initial chunk files | Names |  Raw size
main.js             | main  | 168.66 kB |

Application bundle generation complete. [1.685 seconds]

▲ [WARNING] NG8107: The left side of this optional chain operation does not include 'null' or 'undefined' in its type, therefore the '?.' operator can be replaced with the '.' operator. [plugin angular-compiler]

    src/app/exercise-detail/exercise-detail.component.html:44:58:
      44 │ ...alue.weight = (currentValue?.weight ?? 0) + 1" color="primary" ...
         ╵                                 ~~~~~~

  Error occurs in the template of component ExerciseDetailComponent.

    src/app/exercise-detail/exercise-detail.component.ts:24:15:
      24 │   templateUrl: './exercise-detail.component.html',
         ╵                ~~~~~~~~~~~~~~~~~~~~~~~~~~~~~~~~~~


▲ [WARNING] NG8107: The left side of this optional chain operation does not include 'null' or 'undefined' in its type, therefore the '?.' operator can be replaced with the '.' operator. [plugin angular-compiler]

    src/app/exercise-detail/exercise-detail.component.html:47:58:
      47 │ ...alue.weight = (currentValue?.weight ?? 0) - 1" color="primary" ...
         ╵                                 ~~~~~~

  Error occurs in the template of component ExerciseDetailComponent.

    src/app/exercise-detail/exercise-detail.component.ts:24:15:
      24 │   templateUrl: './exercise-detail.component.html',
         ╵                ~~~~~~~~~~~~~~~~~~~~~~~~~~~~~~~~~~


▲ [WARNING] NG8107: The left side of this optional chain operation does not include 'null' or 'undefined' in its type, therefore the '?.' operator can be replaced with the '.' operator. [plugin angular-compiler]

    src/app/exercise-detail/exercise-detail.component.html:56:63:
      56 │ ...etitions = (currentValue?.repetitions ?? 0) + 1" color="primary...
         ╵                              ~~~~~~~~~~~

  Error occurs in the template of component ExerciseDetailComponent.

    src/app/exercise-detail/exercise-detail.component.ts:24:15:
      24 │   templateUrl: './exercise-detail.component.html',
         ╵                ~~~~~~~~~~~~~~~~~~~~~~~~~~~~~~~~~~


▲ [WARNING] NG8107: The left side of this optional chain operation does not include 'null' or 'undefined' in its type, therefore the '?.' operator can be replaced with the '.' operator. [plugin angular-compiler]

    src/app/exercise-detail/exercise-detail.component.html:59:63:
      59 │ ...etitions = (currentValue?.repetitions ?? 0) - 1" color="primary...
         ╵                              ~~~~~~~~~~~

  Error occurs in the template of component ExerciseDetailComponent.

    src/app/exercise-detail/exercise-detail.component.ts:24:15:
      24 │   templateUrl: './exercise-detail.component.html',
         ╵                ~~~~~~~~~~~~~~~~~~~~~~~~~~~~~~~~~~


▲ [WARNING] NG8107: The left side of this optional chain operation does not include 'null' or 'undefined' in its type, therefore the '?.' operator can be replaced with the '.' operator. [plugin angular-compiler]

    src/app/exercise-execution-detail/exercise-execution-detail.component.html:3:41:
      3 │ ...able [dataSource]="exercise?.series ?? []" class="mat-elevation-...
        ╵                                 ~~~~~~

  Error occurs in the template of component ExerciseExecutionDetailComponent.

    src/app/exercise-execution-detail/exercise-execution-detail.component.ts:57:15:
      57 │   templateUrl: './exercise-execution-detail.component.html',
         ╵                ~~~~~~~~~~~~~~~~~~~~~~~~~~~~~~~~~~~~~~~~~~~~


▲ [WARNING] NG8107: The left side of this optional chain operation does not include 'null' or 'undefined' in its type, therefore the '?.' operator can be replaced with the '.' operator. [plugin angular-compiler]

    src/app/exercise-execution-detail/exercise-execution-detail.component.html:43:58:
      43 │ ...alue.weight = (currentValue?.weight ?? 0) + 1" color="primary" ...
         ╵                                 ~~~~~~

  Error occurs in the template of component ExerciseExecutionDetailComponent.

    src/app/exercise-execution-detail/exercise-execution-detail.component.ts:57:15:
      57 │   templateUrl: './exercise-execution-detail.component.html',
         ╵                ~~~~~~~~~~~~~~~~~~~~~~~~~~~~~~~~~~~~~~~~~~~~


▲ [WARNING] NG8107: The left side of this optional chain operation does not include 'null' or 'undefined' in its type, therefore the '?.' operator can be replaced with the '.' operator. [plugin angular-compiler]

    src/app/exercise-execution-detail/exercise-execution-detail.component.html:46:58:
      46 │ ...alue.weight = (currentValue?.weight ?? 0) - 1" color="primary" ...
         ╵                                 ~~~~~~

  Error occurs in the template of component ExerciseExecutionDetailComponent.

    src/app/exercise-execution-detail/exercise-execution-detail.component.ts:57:15:
      57 │   templateUrl: './exercise-execution-detail.component.html',
         ╵                ~~~~~~~~~~~~~~~~~~~~~~~~~~~~~~~~~~~~~~~~~~~~


▲ [WARNING] NG8107: The left side of this optional chain operation does not include 'null' or 'undefined' in its type, therefore the '?.' operator can be replaced with the '.' operator. [plugin angular-compiler]

    src/app/exercise-execution-detail/exercise-execution-detail.component.html:55:63:
      55 │ ...etitions = (currentValue?.repetitions ?? 0) + 1" color="primary...
         ╵                              ~~~~~~~~~~~

  Error occurs in the template of component ExerciseExecutionDetailComponent.

    src/app/exercise-execution-detail/exercise-execution-detail.component.ts:57:15:
      57 │   templateUrl: './exercise-execution-detail.component.html',
         ╵                ~~~~~~~~~~~~~~~~~~~~~~~~~~~~~~~~~~~~~~~~~~~~


▲ [WARNING] NG8107: The left side of this optional chain operation does not include 'null' or 'undefined' in its type, therefore the '?.' operator can be replaced with the '.' operator. [plugin angular-compiler]

    src/app/exercise-execution-detail/exercise-execution-detail.component.html:58:63:
      58 │ ...etitions = (currentValue?.repetitions ?? 0) - 1" color="primary...
         ╵                              ~~~~~~~~~~~

  Error occurs in the template of component ExerciseExecutionDetailComponent.

    src/app/exercise-execution-detail/exercise-execution-detail.component.ts:57:15:
      57 │   templateUrl: './exercise-execution-detail.component.html',
         ╵                ~~~~~~~~~~~~~~~~~~~~~~~~~~~~~~~~~~~~~~~~~~~~


Page reload sent to client(s).
- Changes detected. Rebuilding...


No output file changes.

Application bundle generation complete. [0.240 seconds]

▲ [WARNING] NG8107: The left side of this optional chain operation does not include 'null' or 'undefined' in its type, therefore the '?.' operator can be replaced with the '.' operator. [plugin angular-compiler]

    src/app/exercise-detail/exercise-detail.component.html:44:58:
      44 │ ...alue.weight = (currentValue?.weight ?? 0) + 1" color="primary" ...
         ╵                                 ~~~~~~

  Error occurs in the template of component ExerciseDetailComponent.

    src/app/exercise-detail/exercise-detail.component.ts:24:15:
      24 │   templateUrl: './exercise-detail.component.html',
         ╵                ~~~~~~~~~~~~~~~~~~~~~~~~~~~~~~~~~~


▲ [WARNING] NG8107: The left side of this optional chain operation does not include 'null' or 'undefined' in its type, therefore the '?.' operator can be replaced with the '.' operator. [plugin angular-compiler]

    src/app/exercise-detail/exercise-detail.component.html:47:58:
      47 │ ...alue.weight = (currentValue?.weight ?? 0) - 1" color="primary" ...
         ╵                                 ~~~~~~

  Error occurs in the template of component ExerciseDetailComponent.

    src/app/exercise-detail/exercise-detail.component.ts:24:15:
      24 │   templateUrl: './exercise-detail.component.html',
         ╵                ~~~~~~~~~~~~~~~~~~~~~~~~~~~~~~~~~~


▲ [WARNING] NG8107: The left side of this optional chain operation does not include 'null' or 'undefined' in its type, therefore the '?.' operator can be replaced with the '.' operator. [plugin angular-compiler]

    src/app/exercise-detail/exercise-detail.component.html:56:63:
      56 │ ...etitions = (currentValue?.repetitions ?? 0) + 1" color="primary...
         ╵                              ~~~~~~~~~~~

  Error occurs in the template of component ExerciseDetailComponent.

    src/app/exercise-detail/exercise-detail.component.ts:24:15:
      24 │   templateUrl: './exercise-detail.component.html',
         ╵                ~~~~~~~~~~~~~~~~~~~~~~~~~~~~~~~~~~


▲ [WARNING] NG8107: The left side of this optional chain operation does not include 'null' or 'undefined' in its type, therefore the '?.' operator can be replaced with the '.' operator. [plugin angular-compiler]

    src/app/exercise-detail/exercise-detail.component.html:59:63:
      59 │ ...etitions = (currentValue?.repetitions ?? 0) - 1" color="primary...
         ╵                              ~~~~~~~~~~~

  Error occurs in the template of component ExerciseDetailComponent.

    src/app/exercise-detail/exercise-detail.component.ts:24:15:
      24 │   templateUrl: './exercise-detail.component.html',
         ╵                ~~~~~~~~~~~~~~~~~~~~~~~~~~~~~~~~~~


▲ [WARNING] NG8107: The left side of this optional chain operation does not include 'null' or 'undefined' in its type, therefore the '?.' operator can be replaced with the '.' operator. [plugin angular-compiler]

    src/app/exercise-execution-detail/exercise-execution-detail.component.html:3:41:
      3 │ ...able [dataSource]="exercise?.series ?? []" class="mat-elevation-...
        ╵                                 ~~~~~~

  Error occurs in the template of component ExerciseExecutionDetailComponent.

    src/app/exercise-execution-detail/exercise-execution-detail.component.ts:57:15:
      57 │   templateUrl: './exercise-execution-detail.component.html',
         ╵                ~~~~~~~~~~~~~~~~~~~~~~~~~~~~~~~~~~~~~~~~~~~~


▲ [WARNING] NG8107: The left side of this optional chain operation does not include 'null' or 'undefined' in its type, therefore the '?.' operator can be replaced with the '.' operator. [plugin angular-compiler]

    src/app/exercise-execution-detail/exercise-execution-detail.component.html:43:58:
      43 │ ...alue.weight = (currentValue?.weight ?? 0) + 1" color="primary" ...
         ╵                                 ~~~~~~

  Error occurs in the template of component ExerciseExecutionDetailComponent.

    src/app/exercise-execution-detail/exercise-execution-detail.component.ts:57:15:
      57 │   templateUrl: './exercise-execution-detail.component.html',
         ╵                ~~~~~~~~~~~~~~~~~~~~~~~~~~~~~~~~~~~~~~~~~~~~


▲ [WARNING] NG8107: The left side of this optional chain operation does not include 'null' or 'undefined' in its type, therefore the '?.' operator can be replaced with the '.' operator. [plugin angular-compiler]

    src/app/exercise-execution-detail/exercise-execution-detail.component.html:46:58:
      46 │ ...alue.weight = (currentValue?.weight ?? 0) - 1" color="primary" ...
         ╵                                 ~~~~~~

  Error occurs in the template of component ExerciseExecutionDetailComponent.

    src/app/exercise-execution-detail/exercise-execution-detail.component.ts:57:15:
      57 │   templateUrl: './exercise-execution-detail.component.html',
         ╵                ~~~~~~~~~~~~~~~~~~~~~~~~~~~~~~~~~~~~~~~~~~~~


▲ [WARNING] NG8107: The left side of this optional chain operation does not include 'null' or 'undefined' in its type, therefore the '?.' operator can be replaced with the '.' operator. [plugin angular-compiler]

    src/app/exercise-execution-detail/exercise-execution-detail.component.html:55:63:
      55 │ ...etitions = (currentValue?.repetitions ?? 0) + 1" color="primary...
         ╵                              ~~~~~~~~~~~

  Error occurs in the template of component ExerciseExecutionDetailComponent.

    src/app/exercise-execution-detail/exercise-execution-detail.component.ts:57:15:
      57 │   templateUrl: './exercise-execution-detail.component.html',
         ╵                ~~~~~~~~~~~~~~~~~~~~~~~~~~~~~~~~~~~~~~~~~~~~


▲ [WARNING] NG8107: The left side of this optional chain operation does not include 'null' or 'undefined' in its type, therefore the '?.' operator can be replaced with the '.' operator. [plugin angular-compiler]

    src/app/exercise-execution-detail/exercise-execution-detail.component.html:58:63:
      58 │ ...etitions = (currentValue?.repetitions ?? 0) - 1" color="primary...
         ╵                              ~~~~~~~~~~~

  Error occurs in the template of component ExerciseExecutionDetailComponent.

    src/app/exercise-execution-detail/exercise-execution-detail.component.ts:57:15:
      57 │   templateUrl: './exercise-execution-detail.component.html',
         ╵                ~~~~~~~~~~~~~~~~~~~~~~~~~~~~~~~~~~~~~~~~~~~~


- Changes detected. Rebuilding...

Initial chunk files | Names |  Raw size
main.js             | main  | 168.91 kB |

Application bundle generation complete. [0.951 seconds]

▲ [WARNING] NG8107: The left side of this optional chain operation does not include 'null' or 'undefined' in its type, therefore the '?.' operator can be replaced with the '.' operator. [plugin angular-compiler]

    src/app/exercise-detail/exercise-detail.component.html:44:58:
      44 │ ...alue.weight = (currentValue?.weight ?? 0) + 1" color="primary" ...
         ╵                                 ~~~~~~

  Error occurs in the template of component ExerciseDetailComponent.

    src/app/exercise-detail/exercise-detail.component.ts:24:15:
      24 │   templateUrl: './exercise-detail.component.html',
         ╵                ~~~~~~~~~~~~~~~~~~~~~~~~~~~~~~~~~~


▲ [WARNING] NG8107: The left side of this optional chain operation does not include 'null' or 'undefined' in its type, therefore the '?.' operator can be replaced with the '.' operator. [plugin angular-compiler]

    src/app/exercise-detail/exercise-detail.component.html:47:58:
      47 │ ...alue.weight = (currentValue?.weight ?? 0) - 1" color="primary" ...
         ╵                                 ~~~~~~

  Error occurs in the template of component ExerciseDetailComponent.

    src/app/exercise-detail/exercise-detail.component.ts:24:15:
      24 │   templateUrl: './exercise-detail.component.html',
         ╵                ~~~~~~~~~~~~~~~~~~~~~~~~~~~~~~~~~~


▲ [WARNING] NG8107: The left side of this optional chain operation does not include 'null' or 'undefined' in its type, therefore the '?.' operator can be replaced with the '.' operator. [plugin angular-compiler]

    src/app/exercise-detail/exercise-detail.component.html:56:63:
      56 │ ...etitions = (currentValue?.repetitions ?? 0) + 1" color="primary...
         ╵                              ~~~~~~~~~~~

  Error occurs in the template of component ExerciseDetailComponent.

    src/app/exercise-detail/exercise-detail.component.ts:24:15:
      24 │   templateUrl: './exercise-detail.component.html',
         ╵                ~~~~~~~~~~~~~~~~~~~~~~~~~~~~~~~~~~


▲ [WARNING] NG8107: The left side of this optional chain operation does not include 'null' or 'undefined' in its type, therefore the '?.' operator can be replaced with the '.' operator. [plugin angular-compiler]

    src/app/exercise-detail/exercise-detail.component.html:59:63:
      59 │ ...etitions = (currentValue?.repetitions ?? 0) - 1" color="primary...
         ╵                              ~~~~~~~~~~~

  Error occurs in the template of component ExerciseDetailComponent.

    src/app/exercise-detail/exercise-detail.component.ts:24:15:
      24 │   templateUrl: './exercise-detail.component.html',
         ╵                ~~~~~~~~~~~~~~~~~~~~~~~~~~~~~~~~~~


▲ [WARNING] NG8107: The left side of this optional chain operation does not include 'null' or 'undefined' in its type, therefore the '?.' operator can be replaced with the '.' operator. [plugin angular-compiler]

    src/app/exercise-execution-detail/exercise-execution-detail.component.html:3:41:
      3 │ ...able [dataSource]="exercise?.series ?? []" class="mat-elevation-...
        ╵                                 ~~~~~~

  Error occurs in the template of component ExerciseExecutionDetailComponent.

    src/app/exercise-execution-detail/exercise-execution-detail.component.ts:57:15:
      57 │   templateUrl: './exercise-execution-detail.component.html',
         ╵                ~~~~~~~~~~~~~~~~~~~~~~~~~~~~~~~~~~~~~~~~~~~~


▲ [WARNING] NG8107: The left side of this optional chain operation does not include 'null' or 'undefined' in its type, therefore the '?.' operator can be replaced with the '.' operator. [plugin angular-compiler]

    src/app/exercise-execution-detail/exercise-execution-detail.component.html:43:58:
      43 │ ...alue.weight = (currentValue?.weight ?? 0) + 1" color="primary" ...
         ╵                                 ~~~~~~

  Error occurs in the template of component ExerciseExecutionDetailComponent.

    src/app/exercise-execution-detail/exercise-execution-detail.component.ts:57:15:
      57 │   templateUrl: './exercise-execution-detail.component.html',
         ╵                ~~~~~~~~~~~~~~~~~~~~~~~~~~~~~~~~~~~~~~~~~~~~


▲ [WARNING] NG8107: The left side of this optional chain operation does not include 'null' or 'undefined' in its type, therefore the '?.' operator can be replaced with the '.' operator. [plugin angular-compiler]

    src/app/exercise-execution-detail/exercise-execution-detail.component.html:46:58:
      46 │ ...alue.weight = (currentValue?.weight ?? 0) - 1" color="primary" ...
         ╵                                 ~~~~~~

  Error occurs in the template of component ExerciseExecutionDetailComponent.

    src/app/exercise-execution-detail/exercise-execution-detail.component.ts:57:15:
      57 │   templateUrl: './exercise-execution-detail.component.html',
         ╵                ~~~~~~~~~~~~~~~~~~~~~~~~~~~~~~~~~~~~~~~~~~~~


▲ [WARNING] NG8107: The left side of this optional chain operation does not include 'null' or 'undefined' in its type, therefore the '?.' operator can be replaced with the '.' operator. [plugin angular-compiler]

    src/app/exercise-execution-detail/exercise-execution-detail.component.html:55:63:
      55 │ ...etitions = (currentValue?.repetitions ?? 0) + 1" color="primary...
         ╵                              ~~~~~~~~~~~

  Error occurs in the template of component ExerciseExecutionDetailComponent.

    src/app/exercise-execution-detail/exercise-execution-detail.component.ts:57:15:
      57 │   templateUrl: './exercise-execution-detail.component.html',
         ╵                ~~~~~~~~~~~~~~~~~~~~~~~~~~~~~~~~~~~~~~~~~~~~


▲ [WARNING] NG8107: The left side of this optional chain operation does not include 'null' or 'undefined' in its type, therefore the '?.' operator can be replaced with the '.' operator. [plugin angular-compiler]

    src/app/exercise-execution-detail/exercise-execution-detail.component.html:58:63:
      58 │ ...etitions = (currentValue?.repetitions ?? 0) - 1" color="primary...
         ╵                              ~~~~~~~~~~~

  Error occurs in the template of component ExerciseExecutionDetailComponent.

    src/app/exercise-execution-detail/exercise-execution-detail.component.ts:57:15:
      57 │   templateUrl: './exercise-execution-detail.component.html',
         ╵                ~~~~~~~~~~~~~~~~~~~~~~~~~~~~~~~~~~~~~~~~~~~~


Page reload sent to client(s).
- Changes detected. Rebuilding...

Initial chunk files | Names |  Raw size
main.js             | main  | 168.91 kB |

Application bundle generation complete. [0.636 seconds]

▲ [WARNING] NG8107: The left side of this optional chain operation does not include 'null' or 'undefined' in its type, therefore the '?.' operator can be replaced with the '.' operator. [plugin angular-compiler]

    src/app/exercise-detail/exercise-detail.component.html:44:58:
      44 │ ...alue.weight = (currentValue?.weight ?? 0) + 1" color="primary" ...
         ╵                                 ~~~~~~

  Error occurs in the template of component ExerciseDetailComponent.

    src/app/exercise-detail/exercise-detail.component.ts:24:15:
      24 │   templateUrl: './exercise-detail.component.html',
         ╵                ~~~~~~~~~~~~~~~~~~~~~~~~~~~~~~~~~~


▲ [WARNING] NG8107: The left side of this optional chain operation does not include 'null' or 'undefined' in its type, therefore the '?.' operator can be replaced with the '.' operator. [plugin angular-compiler]

    src/app/exercise-detail/exercise-detail.component.html:47:58:
      47 │ ...alue.weight = (currentValue?.weight ?? 0) - 1" color="primary" ...
         ╵                                 ~~~~~~

  Error occurs in the template of component ExerciseDetailComponent.

    src/app/exercise-detail/exercise-detail.component.ts:24:15:
      24 │   templateUrl: './exercise-detail.component.html',
         ╵                ~~~~~~~~~~~~~~~~~~~~~~~~~~~~~~~~~~


▲ [WARNING] NG8107: The left side of this optional chain operation does not include 'null' or 'undefined' in its type, therefore the '?.' operator can be replaced with the '.' operator. [plugin angular-compiler]

    src/app/exercise-detail/exercise-detail.component.html:56:63:
      56 │ ...etitions = (currentValue?.repetitions ?? 0) + 1" color="primary...
         ╵                              ~~~~~~~~~~~

  Error occurs in the template of component ExerciseDetailComponent.

    src/app/exercise-detail/exercise-detail.component.ts:24:15:
      24 │   templateUrl: './exercise-detail.component.html',
         ╵                ~~~~~~~~~~~~~~~~~~~~~~~~~~~~~~~~~~


▲ [WARNING] NG8107: The left side of this optional chain operation does not include 'null' or 'undefined' in its type, therefore the '?.' operator can be replaced with the '.' operator. [plugin angular-compiler]

    src/app/exercise-detail/exercise-detail.component.html:59:63:
      59 │ ...etitions = (currentValue?.repetitions ?? 0) - 1" color="primary...
         ╵                              ~~~~~~~~~~~

  Error occurs in the template of component ExerciseDetailComponent.

    src/app/exercise-detail/exercise-detail.component.ts:24:15:
      24 │   templateUrl: './exercise-detail.component.html',
         ╵                ~~~~~~~~~~~~~~~~~~~~~~~~~~~~~~~~~~


▲ [WARNING] NG8107: The left side of this optional chain operation does not include 'null' or 'undefined' in its type, therefore the '?.' operator can be replaced with the '.' operator. [plugin angular-compiler]

    src/app/exercise-execution-detail/exercise-execution-detail.component.html:3:41:
      3 │ ...able [dataSource]="exercise?.series ?? []" class="mat-elevation-...
        ╵                                 ~~~~~~

  Error occurs in the template of component ExerciseExecutionDetailComponent.

    src/app/exercise-execution-detail/exercise-execution-detail.component.ts:57:15:
      57 │   templateUrl: './exercise-execution-detail.component.html',
         ╵                ~~~~~~~~~~~~~~~~~~~~~~~~~~~~~~~~~~~~~~~~~~~~


▲ [WARNING] NG8107: The left side of this optional chain operation does not include 'null' or 'undefined' in its type, therefore the '?.' operator can be replaced with the '.' operator. [plugin angular-compiler]

    src/app/exercise-execution-detail/exercise-execution-detail.component.html:43:58:
      43 │ ...alue.weight = (currentValue?.weight ?? 0) + 1" color="primary" ...
         ╵                                 ~~~~~~

  Error occurs in the template of component ExerciseExecutionDetailComponent.

    src/app/exercise-execution-detail/exercise-execution-detail.component.ts:57:15:
      57 │   templateUrl: './exercise-execution-detail.component.html',
         ╵                ~~~~~~~~~~~~~~~~~~~~~~~~~~~~~~~~~~~~~~~~~~~~


▲ [WARNING] NG8107: The left side of this optional chain operation does not include 'null' or 'undefined' in its type, therefore the '?.' operator can be replaced with the '.' operator. [plugin angular-compiler]

    src/app/exercise-execution-detail/exercise-execution-detail.component.html:46:58:
      46 │ ...alue.weight = (currentValue?.weight ?? 0) - 1" color="primary" ...
         ╵                                 ~~~~~~

  Error occurs in the template of component ExerciseExecutionDetailComponent.

    src/app/exercise-execution-detail/exercise-execution-detail.component.ts:57:15:
      57 │   templateUrl: './exercise-execution-detail.component.html',
         ╵                ~~~~~~~~~~~~~~~~~~~~~~~~~~~~~~~~~~~~~~~~~~~~


▲ [WARNING] NG8107: The left side of this optional chain operation does not include 'null' or 'undefined' in its type, therefore the '?.' operator can be replaced with the '.' operator. [plugin angular-compiler]

    src/app/exercise-execution-detail/exercise-execution-detail.component.html:55:63:
      55 │ ...etitions = (currentValue?.repetitions ?? 0) + 1" color="primary...
         ╵                              ~~~~~~~~~~~

  Error occurs in the template of component ExerciseExecutionDetailComponent.

    src/app/exercise-execution-detail/exercise-execution-detail.component.ts:57:15:
      57 │   templateUrl: './exercise-execution-detail.component.html',
         ╵                ~~~~~~~~~~~~~~~~~~~~~~~~~~~~~~~~~~~~~~~~~~~~


▲ [WARNING] NG8107: The left side of this optional chain operation does not include 'null' or 'undefined' in its type, therefore the '?.' operator can be replaced with the '.' operator. [plugin angular-compiler]

    src/app/exercise-execution-detail/exercise-execution-detail.component.html:58:63:
      58 │ ...etitions = (currentValue?.repetitions ?? 0) - 1" color="primary...
         ╵                              ~~~~~~~~~~~

  Error occurs in the template of component ExerciseExecutionDetailComponent.

    src/app/exercise-execution-detail/exercise-execution-detail.component.ts:57:15:
      57 │   templateUrl: './exercise-execution-detail.component.html',
         ╵                ~~~~~~~~~~~~~~~~~~~~~~~~~~~~~~~~~~~~~~~~~~~~


Page reload sent to client(s).
- Changes detected. Rebuilding...


No output file changes.

Application bundle generation complete. [0.512 seconds]

▲ [WARNING] NG8107: The left side of this optional chain operation does not include 'null' or 'undefined' in its type, therefore the '?.' operator can be replaced with the '.' operator. [plugin angular-compiler]

    src/app/exercise-detail/exercise-detail.component.html:44:58:
      44 │ ...alue.weight = (currentValue?.weight ?? 0) + 1" color="primary" ...
         ╵                                 ~~~~~~

  Error occurs in the template of component ExerciseDetailComponent.

    src/app/exercise-detail/exercise-detail.component.ts:24:15:
      24 │   templateUrl: './exercise-detail.component.html',
         ╵                ~~~~~~~~~~~~~~~~~~~~~~~~~~~~~~~~~~


▲ [WARNING] NG8107: The left side of this optional chain operation does not include 'null' or 'undefined' in its type, therefore the '?.' operator can be replaced with the '.' operator. [plugin angular-compiler]

    src/app/exercise-detail/exercise-detail.component.html:47:58:
      47 │ ...alue.weight = (currentValue?.weight ?? 0) - 1" color="primary" ...
         ╵                                 ~~~~~~

  Error occurs in the template of component ExerciseDetailComponent.

    src/app/exercise-detail/exercise-detail.component.ts:24:15:
      24 │   templateUrl: './exercise-detail.component.html',
         ╵                ~~~~~~~~~~~~~~~~~~~~~~~~~~~~~~~~~~


▲ [WARNING] NG8107: The left side of this optional chain operation does not include 'null' or 'undefined' in its type, therefore the '?.' operator can be replaced with the '.' operator. [plugin angular-compiler]

    src/app/exercise-detail/exercise-detail.component.html:56:63:
      56 │ ...etitions = (currentValue?.repetitions ?? 0) + 1" color="primary...
         ╵                              ~~~~~~~~~~~

  Error occurs in the template of component ExerciseDetailComponent.

    src/app/exercise-detail/exercise-detail.component.ts:24:15:
      24 │   templateUrl: './exercise-detail.component.html',
         ╵                ~~~~~~~~~~~~~~~~~~~~~~~~~~~~~~~~~~


▲ [WARNING] NG8107: The left side of this optional chain operation does not include 'null' or 'undefined' in its type, therefore the '?.' operator can be replaced with the '.' operator. [plugin angular-compiler]

    src/app/exercise-detail/exercise-detail.component.html:59:63:
      59 │ ...etitions = (currentValue?.repetitions ?? 0) - 1" color="primary...
         ╵                              ~~~~~~~~~~~

  Error occurs in the template of component ExerciseDetailComponent.

    src/app/exercise-detail/exercise-detail.component.ts:24:15:
      24 │   templateUrl: './exercise-detail.component.html',
         ╵                ~~~~~~~~~~~~~~~~~~~~~~~~~~~~~~~~~~


▲ [WARNING] NG8107: The left side of this optional chain operation does not include 'null' or 'undefined' in its type, therefore the '?.' operator can be replaced with the '.' operator. [plugin angular-compiler]

    src/app/exercise-execution-detail/exercise-execution-detail.component.html:3:41:
      3 │ ...able [dataSource]="exercise?.series ?? []" class="mat-elevation-...
        ╵                                 ~~~~~~

  Error occurs in the template of component ExerciseExecutionDetailComponent.

    src/app/exercise-execution-detail/exercise-execution-detail.component.ts:57:15:
      57 │   templateUrl: './exercise-execution-detail.component.html',
         ╵                ~~~~~~~~~~~~~~~~~~~~~~~~~~~~~~~~~~~~~~~~~~~~


▲ [WARNING] NG8107: The left side of this optional chain operation does not include 'null' or 'undefined' in its type, therefore the '?.' operator can be replaced with the '.' operator. [plugin angular-compiler]

    src/app/exercise-execution-detail/exercise-execution-detail.component.html:43:58:
      43 │ ...alue.weight = (currentValue?.weight ?? 0) + 1" color="primary" ...
         ╵                                 ~~~~~~

  Error occurs in the template of component ExerciseExecutionDetailComponent.

    src/app/exercise-execution-detail/exercise-execution-detail.component.ts:57:15:
      57 │   templateUrl: './exercise-execution-detail.component.html',
         ╵                ~~~~~~~~~~~~~~~~~~~~~~~~~~~~~~~~~~~~~~~~~~~~


▲ [WARNING] NG8107: The left side of this optional chain operation does not include 'null' or 'undefined' in its type, therefore the '?.' operator can be replaced with the '.' operator. [plugin angular-compiler]

    src/app/exercise-execution-detail/exercise-execution-detail.component.html:46:58:
      46 │ ...alue.weight = (currentValue?.weight ?? 0) - 1" color="primary" ...
         ╵                                 ~~~~~~

  Error occurs in the template of component ExerciseExecutionDetailComponent.

    src/app/exercise-execution-detail/exercise-execution-detail.component.ts:57:15:
      57 │   templateUrl: './exercise-execution-detail.component.html',
         ╵                ~~~~~~~~~~~~~~~~~~~~~~~~~~~~~~~~~~~~~~~~~~~~


▲ [WARNING] NG8107: The left side of this optional chain operation does not include 'null' or 'undefined' in its type, therefore the '?.' operator can be replaced with the '.' operator. [plugin angular-compiler]

    src/app/exercise-execution-detail/exercise-execution-detail.component.html:55:63:
      55 │ ...etitions = (currentValue?.repetitions ?? 0) + 1" color="primary...
         ╵                              ~~~~~~~~~~~

  Error occurs in the template of component ExerciseExecutionDetailComponent.

    src/app/exercise-execution-detail/exercise-execution-detail.component.ts:57:15:
      57 │   templateUrl: './exercise-execution-detail.component.html',
         ╵                ~~~~~~~~~~~~~~~~~~~~~~~~~~~~~~~~~~~~~~~~~~~~


▲ [WARNING] NG8107: The left side of this optional chain operation does not include 'null' or 'undefined' in its type, therefore the '?.' operator can be replaced with the '.' operator. [plugin angular-compiler]

    src/app/exercise-execution-detail/exercise-execution-detail.component.html:58:63:
      58 │ ...etitions = (currentValue?.repetitions ?? 0) - 1" color="primary...
         ╵                              ~~~~~~~~~~~

  Error occurs in the template of component ExerciseExecutionDetailComponent.

    src/app/exercise-execution-detail/exercise-execution-detail.component.ts:57:15:
      57 │   templateUrl: './exercise-execution-detail.component.html',
         ╵                ~~~~~~~~~~~~~~~~~~~~~~~~~~~~~~~~~~~~~~~~~~~~
